<?xml version="1.0" encoding="UTF-8"?>
<!-- Generated by org.testng.reporters.JUnitXMLReporter -->
<testsuite ignored="0" hostname="Ashu" failures="0" tests="3" name="ChromeTest" time="0.118" errors="0" timestamp="2024-08-15T16:11:38 IST">
  <testcase classname="com.myntrajio.ElectronicproductTest.ElectronicProductTest" name="addproduct" time="0.015"/>
  <testcase classname="com.myntrajio.ElectronicproductTest.ElectronicProductTest" name="removeproduct" time="0.003"/>
  <testcase classname="com.myntrajio.ElectronicproductTest.ElectronicProductTest" name="updateproduct" time="0.004"/>
</testsuite> <!-- ChromeTest -->
