<?xml version="1.0" encoding="UTF-8"?>
<!-- Generated by org.testng.reporters.JUnitXMLReporter -->
<testsuite ignored="0" hostname="Ashu" failures="0" tests="6" name="EdgeTest" time="0.05" errors="0" timestamp="2024-08-15T16:11:38 IST">
  <testcase classname="com.myntrajio.MensProductTest.MensProductTest" name="addproduct" time="0.004"/>
  <testcase classname="com.myntrajio.MensProductTest.MensProductTest" name="removeproduct" time="0.002"/>
  <testcase classname="com.myntrajio.MensProductTest.MensProductTest" name="updateproduct" time="0.003"/>
  <testcase classname="com.myntrajio.WomensProductTest.WomensProductTest" name="addproduct" time="0.002"/>
  <testcase classname="com.myntrajio.WomensProductTest.WomensProductTest" name="removeproduct" time="0.004"/>
  <testcase classname="com.myntrajio.WomensProductTest.WomensProductTest" name="updateproduct" time="0.002"/>
</testsuite> <!-- EdgeTest -->
