<?xml version="1.0" encoding="UTF-8"?>
<!-- Generated by org.testng.reporters.JUnitXMLReporter -->
<testsuite ignored="0" hostname="Ashu" failures="0" tests="3" name="FirefoxTest" time="0.031" errors="0" timestamp="2024-08-15T16:11:38 IST">
  <testcase classname="com.myntrajio.KidsProductTest.KidsProductTest" name="addproduct" time="0.004"/>
  <testcase classname="com.myntrajio.KidsProductTest.KidsProductTest" name="removeproduct" time="0.005"/>
  <testcase classname="com.myntrajio.KidsProductTest.KidsProductTest" name="updateproduct" time="0.002"/>
</testsuite> <!-- FirefoxTest -->
