<?xml version="1.0" encoding="UTF-8"?>
<!-- Generated by org.testng.reporters.JUnitXMLReporter -->
<testsuite ignored="0" hostname="Ashu" failures="0" tests="3" name="Default test" time="0.106" errors="0" timestamp="2024-08-15T15:40:19 IST">
  <testcase classname="com.myntrajio.ElectronicproductTest.ElectronicProductTest" name="addproduct" time="0.016"/>
  <testcase classname="com.myntrajio.ElectronicproductTest.ElectronicProductTest" name="removeproduct" time="0.002"/>
  <testcase classname="com.myntrajio.ElectronicproductTest.ElectronicProductTest" name="updateproduct" time="0.002"/>
</testsuite> <!-- Default test -->
