<?xml version="1.0" encoding="UTF-8"?>
<testng-results ignored="0" total="1" passed="1" failed="0" skipped="0">
  <reporter-output>
    <line>
      <![CDATA[Get SuiteConnections Done Sucessful]]>
    </line>
    <line>
      <![CDATA[Precondition Done Sucessful]]>
    </line>
    <line>
      <![CDATA[Browser setup :firefoxSuccessfull]]>
    </line>
    <line>
      <![CDATA[login Sucessful]]>
    </line>
    <line>
      <![CDATA[Register with valid Data Sucess]]>
    </line>
    <line>
      <![CDATA[Logout Sucessful]]>
    </line>
    <line>
      <![CDATA[Closebrowser Sucessful]]>
    </line>
    <line>
      <![CDATA[postcondition Done Sucessful]]>
    </line>
    <line>
      <![CDATA[Terminate Suiteconnection Done Sucessful]]>
    </line>
  </reporter-output>
  <suite started-at="2024-08-29T15:52:38 IST" name="FunctionalityTestSuite" finished-at="2024-08-29T15:52:51 IST" duration-ms="13325">
    <groups>
    </groups>
    <test started-at="2024-08-29T15:52:38 IST" name="Test" finished-at="2024-08-29T15:52:51 IST" duration-ms="13325">
      <class name="com.myntrajio.RegisterTest.RegisterTest">
        <test-method is-config="true" signature="getSuiteConnections()[pri:0, instance:com.myntrajio.RegisterTest.RegisterTest@3eb25e1a]" started-at="2024-08-29T15:52:38 IST" name="getSuiteConnections" finished-at="2024-08-29T15:52:38 IST" duration-ms="47" status="PASS">
          <reporter-output>
            <line>
              <![CDATA[Get SuiteConnections Done Sucessful]]>
            </line>
          </reporter-output>
        </test-method> <!-- getSuiteConnections -->
        <test-method is-config="true" signature="precondition()[pri:0, instance:com.myntrajio.RegisterTest.RegisterTest@3eb25e1a]" started-at="2024-08-29T15:52:38 IST" name="precondition" finished-at="2024-08-29T15:52:38 IST" duration-ms="3" status="PASS">
          <reporter-output>
            <line>
              <![CDATA[Precondition Done Sucessful]]>
            </line>
          </reporter-output>
        </test-method> <!-- precondition -->
        <test-method is-config="true" signature="browserSetup(java.lang.String)[pri:0, instance:com.myntrajio.RegisterTest.RegisterTest@3eb25e1a]" started-at="2024-08-29T15:52:38 IST" name="browserSetup" finished-at="2024-08-29T15:52:49 IST" duration-ms="10741" status="PASS">
          <params>
            <param index="0">
              <value>
                <![CDATA[firefox]]>
              </value>
            </param>
          </params>
          <reporter-output>
            <line>
              <![CDATA[Browser setup :firefoxSuccessfull]]>
            </line>
          </reporter-output>
        </test-method> <!-- browserSetup -->
        <test-method is-config="true" signature="login()[pri:0, instance:com.myntrajio.RegisterTest.RegisterTest@3eb25e1a]" started-at="2024-08-29T15:52:49 IST" name="login" finished-at="2024-08-29T15:52:49 IST" duration-ms="2" status="PASS">
          <reporter-output>
            <line>
              <![CDATA[login Sucessful]]>
            </line>
          </reporter-output>
        </test-method> <!-- login -->
        <test-method signature="registerValidData()[pri:0, instance:com.myntrajio.RegisterTest.RegisterTest@3eb25e1a]" started-at="2024-08-29T15:52:49 IST" name="registerValidData" finished-at="2024-08-29T15:52:49 IST" duration-ms="641" status="PASS">
          <reporter-output>
            <line>
              <![CDATA[Register with valid Data Sucess]]>
            </line>
          </reporter-output>
        </test-method> <!-- registerValidData -->
        <test-method is-config="true" signature="Logout()[pri:0, instance:com.myntrajio.RegisterTest.RegisterTest@3eb25e1a]" started-at="2024-08-29T15:52:49 IST" name="Logout" finished-at="2024-08-29T15:52:49 IST" duration-ms="4" status="PASS">
          <reporter-output>
            <line>
              <![CDATA[Logout Sucessful]]>
            </line>
          </reporter-output>
        </test-method> <!-- Logout -->
        <test-method is-config="true" signature="closebrowser()[pri:0, instance:com.myntrajio.RegisterTest.RegisterTest@3eb25e1a]" started-at="2024-08-29T15:52:49 IST" name="closebrowser" finished-at="2024-08-29T15:52:51 IST" duration-ms="1790" status="PASS">
          <reporter-output>
            <line>
              <![CDATA[Closebrowser Sucessful]]>
            </line>
          </reporter-output>
        </test-method> <!-- closebrowser -->
        <test-method is-config="true" signature="postcondition()[pri:0, instance:com.myntrajio.RegisterTest.RegisterTest@3eb25e1a]" started-at="2024-08-29T15:52:51 IST" name="postcondition" finished-at="2024-08-29T15:52:51 IST" duration-ms="7" status="PASS">
          <reporter-output>
            <line>
              <![CDATA[postcondition Done Sucessful]]>
            </line>
          </reporter-output>
        </test-method> <!-- postcondition -->
        <test-method is-config="true" signature="terminateSuiteconnection()[pri:0, instance:com.myntrajio.RegisterTest.RegisterTest@3eb25e1a]" started-at="2024-08-29T15:52:51 IST" name="terminateSuiteconnection" finished-at="2024-08-29T15:52:51 IST" duration-ms="1" status="PASS">
          <reporter-output>
            <line>
              <![CDATA[Terminate Suiteconnection Done Sucessful]]>
            </line>
          </reporter-output>
        </test-method> <!-- terminateSuiteconnection -->
      </class> <!-- com.myntrajio.RegisterTest.RegisterTest -->
    </test> <!-- Test -->
  </suite> <!-- FunctionalityTestSuite -->
</testng-results>
